<?xml version="1.0" encoding="UTF-8"?>
<!-- Generated by org.testng.reporters.JUnitReportReporter -->
<testsuite hostname="Nehas-MacBook-Air.local" failures="0" tests="1" name="testNgTest.TestNgTest" time="23.923" errors="0" timestamp="2023-10-03T18:47:33 IST" skipped="0">
  <testcase classname="testNgTest.TestNgTest" name="test" time="23.923"/>
</testsuite> <!-- testNgTest.TestNgTest -->
